2012-10-27 16:08:38,172|DEBUG|dbx.py|375|metadata|dbx_client.metadata(/, list=False, file_limit=25000, hash=None, rev=None, include_deleted=False)
2012-10-27 16:08:39,175|DEBUG|dbx.py|375|metadata|dbx_client.metadata(/, list=True, file_limit=25000, hash=37a2b8c2cdb83a60fbb5dbc7ce66747e, rev=None, include_deleted=False)
2012-10-27 16:08:40,131|DEBUG|dbx.py|375|metadata|dbx_client.metadata(/, list=True, file_limit=25000, hash=None, rev=None, include_deleted=False)
2012-10-27 16:08:40,955|DEBUG|dbx.py|341|account_info|dbx_client.account_info()
2012-10-27 16:08:41,708|DEBUG|dbx.py|341|account_info|dbx_client.account_info()
2012-10-27 16:08:42,412|DEBUG|dbx.py|341|account_info|dbx_client.account_info()
2012-10-27 16:08:43,087|DEBUG|dbx.py|356|get_file|dbx_client.get_file(/intro.md, 3d60a0ed30a, utf-8)
2012-10-27 16:08:45,093|DEBUG|dbx.py|341|account_info|dbx_client.account_info()
2012-10-27 16:08:47,048|DEBUG|dbx.py|375|metadata|dbx_client.metadata(/style.css, list=False, file_limit=25000, hash=None, rev=None, include_deleted=False)
2012-10-27 16:08:48,427|DEBUG|dbx.py|341|account_info|dbx_client.account_info()
2012-10-27 16:08:49,141|DEBUG|dbx.py|367|media|dbx_client.media(/style.css)
2012-10-27 16:08:51,714|DEBUG|dbx.py|375|metadata|dbx_client.metadata(/IMG_0396.jpg, list=False, file_limit=25000, hash=None, rev=None, include_deleted=False)
2012-10-27 16:08:52,363|DEBUG|dbx.py|341|account_info|dbx_client.account_info()
2012-10-27 16:08:53,048|DEBUG|dbx.py|375|metadata|dbx_client.metadata(/IMG_0437.jpg, list=False, file_limit=25000, hash=None, rev=None, include_deleted=False)
2012-10-27 16:08:53,682|DEBUG|dbx.py|341|account_info|dbx_client.account_info()
2012-10-27 16:08:54,320|DEBUG|dbx.py|375|metadata|dbx_client.metadata(/IMG_0436.jpg, list=False, file_limit=25000, hash=None, rev=None, include_deleted=False)
2012-10-27 16:08:55,009|DEBUG|dbx.py|341|account_info|dbx_client.account_info()
2012-10-27 16:08:55,644|DEBUG|dbx.py|375|metadata|dbx_client.metadata(/IMG_0397.jpg, list=False, file_limit=25000, hash=None, rev=None, include_deleted=False)
2012-10-27 16:08:56,519|DEBUG|dbx.py|341|account_info|dbx_client.account_info()
2012-10-27 16:08:57,291|DEBUG|dbx.py|375|metadata|dbx_client.metadata(/IMG_0438.jpg, list=False, file_limit=25000, hash=None, rev=None, include_deleted=False)
2012-10-27 16:08:58,009|DEBUG|dbx.py|341|account_info|dbx_client.account_info()
2012-10-27 16:09:46,180|DEBUG|dbx.py|375|metadata|dbx_client.metadata(/!wip, list=False, file_limit=25000, hash=None, rev=None, include_deleted=False)
2012-10-27 16:09:46,826|DEBUG|dbx.py|375|metadata|dbx_client.metadata(/!wip, list=True, file_limit=25000, hash=None, rev=None, include_deleted=False)
2012-10-27 16:09:47,493|DEBUG|dbx.py|341|account_info|dbx_client.account_info()
2012-10-27 16:09:48,139|DEBUG|dbx.py|341|account_info|dbx_client.account_info()
2012-10-27 16:09:48,851|DEBUG|dbx.py|341|account_info|dbx_client.account_info()
2012-10-27 16:25:36,925|DEBUG|dbx.py|375|metadata|dbx_client.metadata(/blog_kr, list=False, file_limit=25000, hash=None, rev=None, include_deleted=False)
2012-10-27 16:25:37,623|DEBUG|dbx.py|375|metadata|dbx_client.metadata(/blog_kr, list=True, file_limit=25000, hash=None, rev=None, include_deleted=False)
2012-10-27 16:25:38,366|DEBUG|dbx.py|341|account_info|dbx_client.account_info()
2012-10-27 16:25:39,991|DEBUG|dbx.py|375|metadata|dbx_client.metadata(/favicon.ico, list=False, file_limit=25000, hash=None, rev=None, include_deleted=False)
2012-10-27 16:25:40,690|DEBUG|dbx.py|367|media|dbx_client.media(/favicon.ico)
2012-10-27 16:27:36,401|DEBUG|dbx.py|375|metadata|dbx_client.metadata(/blog_kr, list=False, file_limit=25000, hash=None, rev=None, include_deleted=False)
2012-10-27 16:27:37,060|DEBUG|dbx.py|375|metadata|dbx_client.metadata(/blog_kr, list=True, file_limit=25000, hash=9188c30a86c94a6813cae36d667436ad, rev=None, include_deleted=False)
2012-10-27 16:27:37,728|DEBUG|dbx.py|341|account_info|dbx_client.account_info()
2012-10-27 16:28:19,501|DEBUG|dbx.py|375|metadata|dbx_client.metadata(/blog_kr, list=False, file_limit=25000, hash=None, rev=None, include_deleted=False)
2012-10-27 16:28:20,194|DEBUG|dbx.py|375|metadata|dbx_client.metadata(/blog_kr, list=True, file_limit=25000, hash=9188c30a86c94a6813cae36d667436ad, rev=None, include_deleted=False)
2012-10-27 16:28:20,900|DEBUG|dbx.py|341|account_info|dbx_client.account_info()
2012-10-27 16:28:28,429|DEBUG|dbx.py|375|metadata|dbx_client.metadata(/, list=False, file_limit=25000, hash=None, rev=None, include_deleted=False)
2012-10-27 16:28:29,104|DEBUG|dbx.py|375|metadata|dbx_client.metadata(/, list=True, file_limit=25000, hash=bb62a5e7cf794303c2746099be9bb645, rev=None, include_deleted=False)
2012-10-27 16:28:30,003|DEBUG|dbx.py|375|metadata|dbx_client.metadata(/, list=True, file_limit=25000, hash=None, rev=None, include_deleted=False)
2012-10-27 16:28:30,772|DEBUG|dbx.py|341|account_info|dbx_client.account_info()
2012-10-27 16:28:31,413|DEBUG|dbx.py|341|account_info|dbx_client.account_info()
2012-10-27 16:28:32,075|DEBUG|dbx.py|341|account_info|dbx_client.account_info()
2012-10-27 16:28:32,725|DEBUG|dbx.py|341|account_info|dbx_client.account_info()
2012-10-27 16:28:33,386|DEBUG|dbx.py|375|metadata|dbx_client.metadata(/blog, list=False, file_limit=25000, hash=None, rev=None, include_deleted=False)
2012-10-27 16:28:34,171|DEBUG|dbx.py|375|metadata|dbx_client.metadata(/blog_kr, list=False, file_limit=25000, hash=None, rev=None, include_deleted=False)
2012-10-27 16:28:35,059|DEBUG|dbx.py|375|metadata|dbx_client.metadata(/blog_kr, list=True, file_limit=25000, hash=9188c30a86c94a6813cae36d667436ad, rev=None, include_deleted=False)
2012-10-27 16:28:35,762|DEBUG|dbx.py|341|account_info|dbx_client.account_info()
2012-10-27 16:28:36,458|DEBUG|dbx.py|341|account_info|dbx_client.account_info()
2012-10-27 16:28:37,092|DEBUG|dbx.py|341|account_info|dbx_client.account_info()
2012-10-27 16:28:54,771|DEBUG|dbx.py|375|metadata|dbx_client.metadata(/blog_kr, list=False, file_limit=25000, hash=None, rev=None, include_deleted=False)
2012-10-27 16:28:55,417|DEBUG|dbx.py|375|metadata|dbx_client.metadata(/blog_kr, list=True, file_limit=25000, hash=9188c30a86c94a6813cae36d667436ad, rev=None, include_deleted=False)
2012-10-27 16:28:56,081|DEBUG|dbx.py|341|account_info|dbx_client.account_info()
2012-10-27 16:28:56,768|DEBUG|dbx.py|341|account_info|dbx_client.account_info()
2012-10-27 16:28:57,411|DEBUG|dbx.py|341|account_info|dbx_client.account_info()
2012-10-27 16:28:58,203|DEBUG|dbx.py|375|metadata|dbx_client.metadata(/favicon.ico, list=False, file_limit=25000, hash=None, rev=None, include_deleted=False)
2012-10-27 16:28:58,892|DEBUG|dbx.py|341|account_info|dbx_client.account_info()
2012-10-27 16:29:24,851|DEBUG|dbx.py|375|metadata|dbx_client.metadata(/blog_kr, list=False, file_limit=25000, hash=None, rev=None, include_deleted=False)
2012-10-27 16:29:25,479|DEBUG|dbx.py|375|metadata|dbx_client.metadata(/blog_kr, list=True, file_limit=25000, hash=9188c30a86c94a6813cae36d667436ad, rev=None, include_deleted=False)
2012-10-27 16:29:26,115|DEBUG|dbx.py|341|account_info|dbx_client.account_info()
2012-10-27 16:29:26,849|DEBUG|dbx.py|341|account_info|dbx_client.account_info()
2012-10-27 16:29:27,539|DEBUG|dbx.py|341|account_info|dbx_client.account_info()
2012-10-27 16:29:28,349|DEBUG|dbx.py|375|metadata|dbx_client.metadata(/favicon.ico, list=False, file_limit=25000, hash=None, rev=None, include_deleted=False)
2012-10-27 16:29:29,256|DEBUG|dbx.py|341|account_info|dbx_client.account_info()
2012-10-27 16:29:29,920|DEBUG|dbx.py|375|metadata|dbx_client.metadata(/blog_kr, list=False, file_limit=25000, hash=None, rev=None, include_deleted=False)
2012-10-27 16:29:30,572|DEBUG|dbx.py|375|metadata|dbx_client.metadata(/blog_kr, list=True, file_limit=25000, hash=9188c30a86c94a6813cae36d667436ad, rev=None, include_deleted=False)
2012-10-27 16:29:31,277|DEBUG|dbx.py|341|account_info|dbx_client.account_info()
